Wed, 17 Apr 2013 13:52:42 +0200 Sending Leave Notification - sruthin babu applied for 1 day(s) to - FAILED 
Reason: No to address set
Wed, 17 Apr 2013 13:54:07 +0200 Sending Leave Notification - Approved 1 day(s) to
 - FAILED 
Reason: Missing To addresses
Thu, 18 Apr 2013 13:06:39 +0200 Sending Leave Notification - sruthin babu applied for 3 day(s) to - FAILED 
Reason: No to address set
Mon, 10 Jun 2013 11:13:13 +0200 Sending Leave Notification - Approved 1 day(s) to
 - FAILED 
Reason: Missing To addresses
Mon, 10 Jun 2013 11:15:12 +0200 Sending Leave Notification - sruthin babu applied for 1 day(s) to - FAILED 
Reason: No to address set
Mon, 10 Jun 2013 11:15:12 +0200 Sending Leave Notification - Assigned 1 day(s) to
 - FAILED 
Reason: Missing To addresses
Mon, 10 Jun 2013 11:15:37 +0200 Sending Leave Notification - sruthin babu applied for 1 day(s) to - FAILED 
Reason: No to address set
Mon, 10 Jun 2013 11:15:37 +0200 Sending Leave Notification - Assigned 1 day(s) to
 - FAILED 
Reason: Missing To addresses
Mon, 10 Jun 2013 11:16:55 +0200 Sending Leave Notification - Cancelled leave for 1 day(s) to
 - FAILED 
Reason: Missing To addresses
Mon, 10 Jun 2013 11:17:27 +0200 Sending Leave Notification - sruthin babu applied for 1 day(s) to - FAILED 
Reason: No to address set
Mon, 10 Jun 2013 11:17:27 +0200 Sending Leave Notification - Assigned 1 day(s) to
 - FAILED 
Reason: Missing To addresses
Mon, 10 Jun 2013 14:33:08 +0200 Sending Leave Notification - sruthin babu applied for 1 day(s) to - FAILED 
Reason: No to address set
Mon, 10 Jun 2013 14:33:09 +0200 Sending Leave Notification - Assigned 1 day(s) to
 - FAILED 
Reason: Missing To addresses
Wed, 03 Jul 2013 07:48:02 +0200 Sending Leave Notification - sruthin babu applied for 6 day(s) to - FAILED 
Reason: No to address set
Wed, 03 Jul 2013 08:20:25 +0200 Sending Leave Notification - sruthin babu applied for 3 day(s) to - FAILED 
Reason: No to address set
Wed, 03 Jul 2013 08:27:11 +0200 Sending Leave Notification - Approved 3 day(s) to
 - FAILED 
Reason: Missing To addresses
Wed, 03 Jul 2013 08:27:39 +0200 Sending Leave Notification - Cancelled leave for 3 day(s) to
 - FAILED 
Reason: Missing To addresses
Tue, 08 Jul 2014 07:26:55 +0200 Sending Leave Notification - Deepak P applied for 2 day(s) to - FAILED 
Reason: No to address set
Tue, 08 Jul 2014 07:26:55 +0200 Sending Leave Notification - Assigned 2 day(s) to
 - FAILED 
Reason: Missing To addresses
Tue, 08 Jul 2014 07:30:39 +0200 Sending Leave Notification - Roshan John D applied for 2 day(s) to - FAILED 
Reason: No to address set
Tue, 08 Jul 2014 07:44:37 +0200 Sending Leave Notification - Approved 2 day(s) to
 - FAILED 
Reason: Missing To addresses
Wed, 09 Jul 2014 11:35:21 +0200 Sending Leave Notification - Roshan John D applied for 1 day(s) to - FAILED 
Reason: No to address set
Wed, 09 Jul 2014 12:25:56 +0200 Sending Leave Notification - Roshan John D applied for 1 day(s) to - FAILED 
Reason: No to address set
Thu, 10 Jul 2014 09:11:02 +0200 Sending Leave Notification - Arun Prasad applied for 1 day(s) to
keeperjunk@gmail.com - SUCCEEDED
Thu, 10 Jul 2014 09:11:27 +0200 Sending Leave Notification - Assigned 1 day(s) to
 - FAILED 
Reason: Missing To addresses
